<?xml version="1.0" encoding="UTF-8"?>
<!-- Generated by org.testng.reporters.JUnitReportReporter -->
<testsuite hostname="TP-PC" failures="0" tests="1" name="Wingyfy.Wingify.Launchandquit" time="4.065" errors="0" timestamp="2024-05-25T13:17:22 IST" skipped="0">
  <testcase classname="Wingyfy.Wingify.Launchandquit" name="test" time="4.065"/>
  <system-out/>
</testsuite> <!-- Wingyfy.Wingify.Launchandquit -->
